<?xml version="1.0" encoding="UTF-8"?>
<!-- Generated by org.testng.reporters.JUnitReportReporter -->
<testsuite hostname="DESKTOP-94V3IF0" failures="0" tests="1" name="com.testcases.TC_doctors" time="0.001" errors="0" timestamp="2024-02-16T07:21:19 PST" skipped="1">
  <testcase classname="com.testcases.TC_doctors" name="doctorsTest" time="0.001">
    <skipped/>
  </testcase> <!-- doctorsTest -->
</testsuite> <!-- com.testcases.TC_doctors -->
