<?xml version="1.0" encoding="UTF-8"?>
<!-- Generated by org.testng.reporters.JUnitReportReporter -->
<testsuite hostname="DESKTOP-94V3IF0" failures="0" tests="2" name="com.testcases.TC_DoctorDepartment" time="13.200" errors="0" timestamp="2024-02-16T09:34:24 PST" skipped="0">
  <testcase classname="com.testcases.TC_DoctorDepartment" name="login" time="3.839"/>
  <testcase classname="com.testcases.TC_DoctorDepartment" name="DoctorDept" time="9.361"/>
</testsuite> <!-- com.testcases.TC_DoctorDepartment -->
