<?xml version="1.0" encoding="UTF-8"?>
<!-- Generated by org.testng.reporters.JUnitReportReporter -->
<testsuite hostname="DESKTOP-94V3IF0" failures="0" tests="1" name="com.testcases.Logintest" time="78.355" errors="0" timestamp="2024-01-29T07:35:25 PST" skipped="0">
  <testcase classname="com.testcases.Logintest" name="Login" time="78.355"/>
</testsuite> <!-- com.testcases.Logintest -->
